生成启动时间为 2015/9/17 10:40:49。
     1>项目“C:\cameraTest\Calibration\Calibration\Calibration.vcxproj”在节点 2 上(Build 个目标)。
     1>ClCompile:
         C:\Program Files (x86)\Microsoft Visual Studio 12.0\VC\bin\CL.exe /c /Zi /nologo /W3 /WX- /O2 /Oi /Oy- /GL /D WIN32 /D NDEBUG /D _CONSOLE /D _LIB /D _CRT_SECURE_NO_WARNINGS /D _UNICODE /D UNICODE /Gm- /EHsc /MD /GS /Gy /fp:precise /Zc:wchar_t /Zc:forScope /Fo"Release\\" /Fd"Release\vc120.pdb" /Gd /TP /analyze- /errorReport:prompt Calibration.cpp Class\BlocksDetector.cpp Class\BufferStorage.cpp Class\Measurer.cpp Class\VirtualCamera.cpp
         Calibration.cpp
     1>c:\cameratest\calibration\calibration\Class\BlocksDetector.h(4): warning C4067: 预处理器指令后有意外标记 - 应输入换行符
     1>c:\cameratest\calibration\calibration\Class\BlocksDetector.h(5): warning C4067: 预处理器指令后有意外标记 - 应输入换行符
     1>c:\cameratest\calibration\calibration\Class\Measurer.h(3): warning C4067: 预处理器指令后有意外标记 - 应输入换行符
         BlocksDetector.cpp
     1>c:\cameratest\calibration\calibration\class\BlocksDetector.h(4): warning C4067: 预处理器指令后有意外标记 - 应输入换行符
     1>c:\cameratest\calibration\calibration\class\BlocksDetector.h(5): warning C4067: 预处理器指令后有意外标记 - 应输入换行符
     1>Class\BlocksDetector.cpp(60): warning C4244: “=”: 从“float”转换到“int”，可能丢失数据
     1>Class\BlocksDetector.cpp(61): warning C4244: “=”: 从“float”转换到“int”，可能丢失数据
     1>Class\BlocksDetector.cpp(102): warning C4244: “参数”: 从“double”转换到“int”，可能丢失数据
     1>Class\BlocksDetector.cpp(130): warning C4244: “=”: 从“float”转换到“int”，可能丢失数据
     1>Class\BlocksDetector.cpp(131): warning C4244: “=”: 从“float”转换到“int”，可能丢失数据
     1>Class\BlocksDetector.cpp(169): warning C4244: “参数”: 从“double”转换到“int”，可能丢失数据
     1>Class\BlocksDetector.cpp(229): warning C4018: “<”: 有符号/无符号不匹配
     1>Class\BlocksDetector.cpp(278): warning C4244: “=”: 从“float”转换到“int”，可能丢失数据
     1>Class\BlocksDetector.cpp(279): warning C4244: “=”: 从“float”转换到“int”，可能丢失数据
     1>Class\BlocksDetector.cpp(318): warning C4244: “参数”: 从“double”转换到“int”，可能丢失数据
     1>Class\BlocksDetector.cpp(339): warning C4244: “=”: 从“double”转换到“int”，可能丢失数据
     1>Class\BlocksDetector.cpp(340): warning C4244: “=”: 从“double”转换到“int”，可能丢失数据
     1>Class\BlocksDetector.cpp(351): warning C4244: “=”: 从“double”转换到“int”，可能丢失数据
     1>Class\BlocksDetector.cpp(352): warning C4244: “=”: 从“double”转换到“int”，可能丢失数据
     1>Class\BlocksDetector.cpp(363): warning C4244: “=”: 从“double”转换到“int”，可能丢失数据
     1>Class\BlocksDetector.cpp(364): warning C4244: “=”: 从“double”转换到“int”，可能丢失数据
     1>Class\BlocksDetector.cpp(375): warning C4244: “=”: 从“double”转换到“int”，可能丢失数据
     1>Class\BlocksDetector.cpp(376): warning C4244: “=”: 从“double”转换到“int”，可能丢失数据
     1>Class\BlocksDetector.cpp(625): warning C4018: “<”: 有符号/无符号不匹配
     1>Class\BlocksDetector.cpp(789): warning C4018: “<”: 有符号/无符号不匹配
         BufferStorage.cpp
         Measurer.cpp
     1>c:\cameratest\calibration\calibration\class\Measurer.h(3): warning C4067: 预处理器指令后有意外标记 - 应输入换行符
     1>c:\cameratest\calibration\calibration\class\BlocksDetector.h(4): warning C4067: 预处理器指令后有意外标记 - 应输入换行符
     1>c:\cameratest\calibration\calibration\class\BlocksDetector.h(5): warning C4067: 预处理器指令后有意外标记 - 应输入换行符
     1>Class\Measurer.cpp(44): warning C4018: “<”: 有符号/无符号不匹配
     1>Class\Measurer.cpp(51): warning C4018: “<”: 有符号/无符号不匹配
     1>Class\Measurer.cpp(88): warning C4018: “<”: 有符号/无符号不匹配
     1>Class\Measurer.cpp(101): warning C4018: “<”: 有符号/无符号不匹配
     1>Class\Measurer.cpp(125): warning C4018: “<”: 有符号/无符号不匹配
     1>Class\Measurer.cpp(187): warning C4244: “初始化”: 从“double”转换到“unsigned int”，可能丢失数据
     1>Class\Measurer.cpp(193): warning C4244: “=”: 从“double”转换到“uchar”，可能丢失数据
     1>Class\Measurer.cpp(194): warning C4244: “=”: 从“double”转换到“uchar”，可能丢失数据
     1>Class\Measurer.cpp(195): warning C4244: “=”: 从“double”转换到“uchar”，可能丢失数据
     1>Class\Measurer.cpp(210): warning C4244: “初始化”: 从“double”转换到“int”，可能丢失数据
         VirtualCamera.cpp
     1>Class\VirtualCamera.cpp(47): warning C4244: “参数”: 从“double”转换到“DWORD”，可能丢失数据
       Link:
         C:\Program Files (x86)\Microsoft Visual Studio 12.0\VC\bin\link.exe /ERRORREPORT:PROMPT /OUT:"C:\cameraTest\Calibration\Release\Calibration.exe" /INCREMENTAL:NO /NOLOGO fglib5.lib display_lib.lib odbc32.lib odbccp32.lib opencv_ml248.lib opencv_calib3d248.lib opencv_contrib248.lib opencv_core248.lib opencv_features2d248.lib opencv_flann248.lib opencv_gpu248.lib opencv_highgui248.lib opencv_imgproc248.lib opencv_legacy248.lib opencv_objdetect248.lib opencv_ts248.lib opencv_video248.lib opencv_nonfree248.lib opencv_ocl248.lib opencv_photo248.lib opencv_stitching248.lib opencv_superres248.lib opencv_videostab248.lib kernel32.lib user32.lib gdi32.lib winspool.lib comdlg32.lib advapi32.lib shell32.lib ole32.lib oleaut32.lib uuid.lib odbc32.lib odbccp32.lib /MANIFEST /MANIFESTUAC:"level='asInvoker' uiAccess='false'" /manifest:embed /DEBUG /PDB:"C:\cameraTest\Calibration\Release\Calibration.pdb" /SUBSYSTEM:CONSOLE /OPT:REF /OPT:ICF /LTCG /TLBID:1 /DYNAMICBASE /NXCOMPAT /IMPLIB:"C:\cameraTest\Calibration\Release\Calibration.lib" /MACHINE:X86 /SAFESEH Release\Calibration.obj
         Release\BlocksDetector.obj
         Release\BufferStorage.obj
         Release\Measurer.obj
         Release\VirtualCamera.obj
         Release\stdafx.obj
         正在生成代码
         已完成代码的生成
         Calibration.vcxproj -> C:\cameraTest\Calibration\Release\Calibration.exe
     1>已完成生成项目“C:\cameraTest\Calibration\Calibration\Calibration.vcxproj”(Build 个目标)的操作。

生成成功。

已用时间 00:00:08.77
